# JRE version: Java(TM) SE Runtime Environment (8.0_40-b25) (build 1.8.0_40-b25)
# Java VM: Java HotSpot(TM) 64-Bit Server VM (25.40-b25 mixed mode windows-amd64 compressed oops)
Heap:
 PSYoungGen      total 164864K, used 107208K [0x00000000eab00000, 0x00000000fd000000, 0x0000000100000000)
  eden space 133120K, 56% used [0x00000000eab00000,0x00000000ef4b4280,0x00000000f2d00000)
  from space 31744K, 99% used [0x00000000f2d00000,0x00000000f4bfde18,0x00000000f4c00000)
  to   space 40960K, 0% used [0x00000000fa800000,0x00000000fa800000,0x00000000fd000000)
 ParOldGen       total 87552K, used 64165K [0x00000000c0000000, 0x00000000c5580000, 0x00000000eab00000)
  object space 87552K, 73% used [0x00000000c0000000,0x00000000c3ea9540,0x00000000c5580000)
 Metaspace       used 7535K, capacity 8126K, committed 8192K, reserved 1056768K
  class space    used 715K, capacity 753K, committed 768K, reserved 1048576K
GC Heap History (10 events):
Event: 2.353 GC heap before
{Heap before GC invocations=4 (full 0):
 PSYoungGen      total 38400K, used 38382K [0x00000000eab00000, 0x00000000ef600000, 0x0000000100000000)
  eden space 33280K, 100% used [0x00000000eab00000,0x00000000ecb80000,0x00000000ecb80000)
  from space 5120K, 99% used [0x00000000ecb80000,0x00000000ed07b918,0x00000000ed080000)
  to   space 5120K, 0% used [0x00000000ef100000,0x00000000ef100000,0x00000000ef600000)
 ParOldGen       total 87552K, used 12889K [0x00000000c0000000, 0x00000000c5580000, 0x00000000eab00000)
  object space 87552K, 14% used [0x00000000c0000000,0x00000000c0c96578,0x00000000c5580000)
 Metaspace       used 7410K, capacity 8120K, committed 8192K, reserved 1056768K
  class space    used 706K, capacity 752K, committed 768K, reserved 1048576K
Event: 2.369 GC heap after
Heap after GC invocations=4 (full 0):
 PSYoungGen      total 71680K, used 5098K [0x00000000eab00000, 0x00000000ef600000, 0x0000000100000000)
  eden space 66560K, 0% used [0x00000000eab00000,0x00000000eab00000,0x00000000eec00000)
  from space 5120K, 99% used [0x00000000ef100000,0x00000000ef5fa8b8,0x00000000ef600000)
  to   space 5120K, 0% used [0x00000000eec00000,0x00000000eec00000,0x00000000ef100000)
 ParOldGen       total 87552K, used 28659K [0x00000000c0000000, 0x00000000c5580000, 0x00000000eab00000)
  object space 87552K, 32% used [0x00000000c0000000,0x00000000c1bfcfe8,0x00000000c5580000)
 Metaspace       used 7410K, capacity 8120K, committed 8192K, reserved 1056768K
  class space    used 706K, capacity 752K, committed 768K, reserved 1048576K
}
Event: 2.629 GC heap before
{Heap before GC invocations=5 (full 0):
 PSYoungGen      total 71680K, used 71658K [0x00000000eab00000, 0x00000000ef600000, 0x0000000100000000)
  eden space 66560K, 100% used [0x00000000eab00000,0x00000000eec00000,0x00000000eec00000)
  from space 5120K, 99% used [0x00000000ef100000,0x00000000ef5fa8b8,0x00000000ef600000)
  to   space 5120K, 0% used [0x00000000eec00000,0x00000000eec00000,0x00000000ef100000)
 ParOldGen       total 87552K, used 28659K [0x00000000c0000000, 0x00000000c5580000, 0x00000000eab00000)
  object space 87552K, 32% used [0x00000000c0000000,0x00000000c1bfcfe8,0x00000000c5580000)
 Metaspace       used 7504K, capacity 8126K, committed 8192K, reserved 1056768K
  class space    used 715K, capacity 753K, committed 768K, reserved 1048576K
Event: 2.645 GC heap after
Heap after GC invocations=5 (full 0):
 PSYoungGen      total 71680K, used 5116K [0x00000000eab00000, 0x00000000f6d00000, 0x0000000100000000)
  eden space 66560K, 0% used [0x00000000eab00000,0x00000000eab00000,0x00000000eec00000)
  from space 5120K, 99% used [0x00000000eec00000,0x00000000ef0ff368,0x00000000ef100000)
  to   space 32768K, 0% used [0x00000000f4d00000,0x00000000f4d00000,0x00000000f6d00000)
 ParOldGen       total 87552K, used 52596K [0x00000000c0000000, 0x00000000c5580000, 0x00000000eab00000)
  object space 87552K, 60% used [0x00000000c0000000,0x00000000c335d3d8,0x00000000c5580000)
 Metaspace       used 7504K, capacity 8126K, committed 8192K, reserved 1056768K
  class space    used 715K, capacity 753K, committed 768K, reserved 1048576K
}
Event: 2.822 GC heap before
{Heap before GC invocations=6 (full 0):
 PSYoungGen      total 71680K, used 70463K [0x00000000eab00000, 0x00000000f6d00000, 0x0000000100000000)
  eden space 66560K, 98% used [0x00000000eab00000,0x00000000eead0c00,0x00000000eec00000)
  from space 5120K, 99% used [0x00000000eec00000,0x00000000ef0ff368,0x00000000ef100000)
  to   space 32768K, 0% used [0x00000000f4d00000,0x00000000f4d00000,0x00000000f6d00000)
 ParOldGen       total 87552K, used 52596K [0x00000000c0000000, 0x00000000c5580000, 0x00000000eab00000)
  object space 87552K, 60% used [0x00000000c0000000,0x00000000c335d3d8,0x00000000c5580000)
 Metaspace       used 7513K, capacity 8126K, committed 8192K, reserved 1056768K
  class space    used 715K, capacity 753K, committed 768K, reserved 1048576K
Event: 2.832 GC heap after
Heap after GC invocations=6 (full 0):
 PSYoungGen      total 163840K, used 8983K [0x00000000eab00000, 0x00000000f6b00000, 0x0000000100000000)
  eden space 133120K, 0% used [0x00000000eab00000,0x00000000eab00000,0x00000000f2d00000)
  from space 30720K, 29% used [0x00000000f4d00000,0x00000000f55c5d98,0x00000000f6b00000)
  to   space 31744K, 0% used [0x00000000f2d00000,0x00000000f2d00000,0x00000000f4c00000)
 ParOldGen       total 87552K, used 52596K [0x00000000c0000000, 0x00000000c5580000, 0x00000000eab00000)
  object space 87552K, 60% used [0x00000000c0000000,0x00000000c335d3d8,0x00000000c5580000)
 Metaspace       used 7513K, capacity 8126K, committed 8192K, reserved 1056768K
  class space    used 715K, capacity 753K, committed 768K, reserved 1048576K
}
Event: 3.161 GC heap before
{Heap before GC invocations=7 (full 0):
 PSYoungGen      total 163840K, used 142103K [0x00000000eab00000, 0x00000000f6b00000, 0x0000000100000000)
  eden space 133120K, 100% used [0x00000000eab00000,0x00000000f2d00000,0x00000000f2d00000)
  from space 30720K, 29% used [0x00000000f4d00000,0x00000000f55c5d98,0x00000000f6b00000)
  to   space 31744K, 0% used [0x00000000f2d00000,0x00000000f2d00000,0x00000000f4c00000)
 ParOldGen       total 87552K, used 52596K [0x00000000c0000000, 0x00000000c5580000, 0x00000000eab00000)
  object space 87552K, 60% used [0x00000000c0000000,0x00000000c335d3d8,0x00000000c5580000)
 Metaspace       used 7519K, capacity 8126K, committed 8192K, reserved 1056768K
  class space    used 715K, capacity 753K, committed 768K, reserved 1048576K
Event: 3.175 GC heap after
Heap after GC invocations=7 (full 0):
 PSYoungGen      total 164864K, used 22978K [0x00000000eab00000, 0x00000000ff000000, 0x0000000100000000)
  eden space 133120K, 0% used [0x00000000eab00000,0x00000000eab00000,0x00000000f2d00000)
  from space 31744K, 72% used [0x00000000f2d00000,0x00000000f43709f8,0x00000000f4c00000)
  to   space 33280K, 0% used [0x00000000fcf80000,0x00000000fcf80000,0x00000000ff000000)
 ParOldGen       total 87552K, used 55578K [0x00000000c0000000, 0x00000000c5580000, 0x00000000eab00000)
  object space 87552K, 63% used [0x00000000c0000000,0x00000000c3646980,0x00000000c5580000)
 Metaspace       used 7519K, capacity 8126K, committed 8192K, reserved 1056768K
  class space    used 715K, capacity 753K, committed 768K, reserved 1048576K
}
Event: 3.460 GC heap before
{Heap before GC invocations=8 (full 0):
 PSYoungGen      total 164864K, used 156098K [0x00000000eab00000, 0x00000000ff000000, 0x0000000100000000)
  eden space 133120K, 100% used [0x00000000eab00000,0x00000000f2d00000,0x00000000f2d00000)
  from space 31744K, 72% used [0x00000000f2d00000,0x00000000f43709f8,0x00000000f4c00000)
  to   space 33280K, 0% used [0x00000000fcf80000,0x00000000fcf80000,0x00000000ff000000)
 ParOldGen       total 87552K, used 55578K [0x00000000c0000000, 0x00000000c5580000, 0x00000000eab00000)
  object space 87552K, 63% used [0x00000000c0000000,0x00000000c3646980,0x00000000c5580000)
 Metaspace       used 7526K, capacity 8126K, committed 8192K, reserved 1056768K
  class space    used 715K, capacity 753K, committed 768K, reserved 1048576K
Event: 3.472 GC heap after
Heap after GC invocations=8 (full 0):
 PSYoungGen      total 166400K, used 28975K [0x00000000eab00000, 0x00000000ff000000, 0x0000000100000000)
  eden space 133120K, 0% used [0x00000000eab00000,0x00000000eab00000,0x00000000f2d00000)
  from space 33280K, 87% used [0x00000000fcf80000,0x00000000febcbd70,0x00000000ff000000)
  to   space 31744K, 0% used [0x00000000f2d00000,0x00000000f2d00000,0x00000000f4c00000)
 ParOldGen       total 87552K, used 55850K [0x00000000c0000000, 0x00000000c5580000, 0x00000000eab00000)
  object space 87552K, 63% used [0x00000000c0000000,0x00000000c368a980,0x00000000c5580000)
 Metaspace       used 7526K, capacity 8126K, committed 8192K, reserved 1056768K
  class space    used 715K, capacity 753K, committed 768K, reserved 1048576K
}

